[info] Loading settings for project global-plugins from idea.sbt,scala-corpus.sbt ...
[info] Loading global plugins from /home/krikava/.sbt/1.0/plugins
[info] Updating ProjectRef(uri("file:/home/krikava/.sbt/1.0/plugins/"), "global-plugins")...
[warn] Resolving a snapshot version. It's going to be slow unless you use `updateOptions := updateOptions.value.withLatestSnapshots(false)` options.
[info] Out of 1 candidates we found for cz.cvut.fit.prl.scala-corpus#sbt-plugins;0.1-SNAPSHOT in local, we are choosing local.
[info] Done updating.
[info] Loading settings for project example-build from plugins.sbt ...
[info] Loading project definition from /home/krikava/Research/Projects/scala-corpus/libs/example/project
[info] Updating ProjectRef(uri("file:/home/krikava/Research/Projects/scala-corpus/libs/example/project/"), "example-build")...
[warn] Resolving a snapshot version. It's going to be slow unless you use `updateOptions := updateOptions.value.withLatestSnapshots(false)` options.
[info] Out of 1 candidates we found for cz.cvut.fit.prl.scala-corpus#sbt-plugins;0.1-SNAPSHOT in local, we are choosing local.
[info] Done updating.
[info] Loading settings for project example from build.sbt ...
[info] Set current project to example (in build file:/home/krikava/Research/Projects/scala-corpus/libs/example/)
[info] Updating ...
[info] Done updating.
[info] Compiling 5 Scala sources to /home/krikava/Research/Projects/scala-corpus/libs/example/target/scala-2.12/classes ...
[info] Done compiling.
Processing: example in /home/krikava/Research/Projects/scala-corpus/libs/example
[success] Total time: 5 s, completed Dec 15, 2018 10:03:28 PM
